<?xml version="1.0" encoding="UTF-8"?>
<coverage generated="1584903833">
  <project timestamp="1584903833">
    <package name="leberknecht\AmqpRpcTransporterBundle\Stamp">
      <file name="/home/leberle/dev/amqp-rpc-transporter-bundle/Stamp/ResponseStamp.php">
        <class name="leberknecht\AmqpRpcTransporterBundle\Stamp\ResponseStamp" namespace="leberknecht\AmqpRpcTransporterBundle\Stamp">
          <metrics complexity="2" methods="2" coveredmethods="1" conditionals="0" coveredconditionals="0" statements="3" coveredstatements="2" elements="5" coveredelements="3"/>
        </class>
        <line num="11" type="method" name="__construct" visibility="public" complexity="1" crap="1" count="1"/>
        <line num="13" type="stmt" count="1"/>
        <line num="14" type="stmt" count="1"/>
        <line num="16" type="method" name="getResult" visibility="public" complexity="1" crap="2" count="0"/>
        <line num="18" type="stmt" count="0"/>
        <metrics loc="20" ncloc="20" classes="1" methods="2" coveredmethods="1" conditionals="0" coveredconditionals="0" statements="3" coveredstatements="2" elements="5" coveredelements="3"/>
      </file>
    </package>
    <package name="leberknecht\AmqpRpcTransporterBundle\Transport">
      <file name="/home/leberle/dev/amqp-rpc-transporter-bundle/Transport/AmqpRpcTransceiver.php">
        <class name="leberknecht\AmqpRpcTransporterBundle\Transport\AmqpRpcTransceiver" namespace="leberknecht\AmqpRpcTransporterBundle\Transport">
          <metrics complexity="13" methods="6" coveredmethods="4" conditionals="0" coveredconditionals="0" statements="39" coveredstatements="36" elements="45" coveredelements="40"/>
        </class>
        <line num="43" type="method" name="__construct" visibility="public" complexity="1" crap="1" count="2"/>
        <line num="45" type="stmt" count="2"/>
        <line num="46" type="stmt" count="2"/>
        <line num="47" type="stmt" count="2"/>
        <line num="48" type="stmt" count="2"/>
        <line num="49" type="stmt" count="2"/>
        <line num="50" type="stmt" count="2"/>
        <line num="51" type="stmt" count="2"/>
        <line num="53" type="method" name="ack" visibility="public" complexity="2" crap="2.09" count="1"/>
        <line num="56" type="stmt" count="1"/>
        <line num="57" type="stmt" count="1"/>
        <line num="58" type="stmt" count="1"/>
        <line num="59" type="stmt" count="1"/>
        <line num="61" type="stmt" count="0"/>
        <line num="62" type="stmt" count="0"/>
        <line num="64" type="stmt" count="1"/>
        <line num="66" type="method" name="send" visibility="public" complexity="3" crap="3" count="1"/>
        <line num="68" type="stmt" count="1"/>
        <line num="69" type="stmt" count="1"/>
        <line num="70" type="stmt" count="1"/>
        <line num="71" type="stmt" count="1"/>
        <line num="72" type="stmt" count="1"/>
        <line num="74" type="stmt" count="1"/>
        <line num="77" type="stmt" count="1"/>
        <line num="78" type="stmt" count="1"/>
        <line num="79" type="stmt" count="1"/>
        <line num="80" type="stmt" count="1"/>
        <line num="82" type="stmt" count="1"/>
        <line num="85" type="method" name="findHandledStamp" visibility="private" complexity="3" crap="3" count="1"/>
        <line num="87" type="stmt" count="1"/>
        <line num="90" type="stmt" count="1"/>
        <line num="94" type="method" name="findAmqpStamp" visibility="private" complexity="3" crap="3.14" count="1"/>
        <line num="96" type="stmt" count="1"/>
        <line num="98" type="stmt" count="1"/>
        <line num="99" type="stmt" count="0"/>
        <line num="102" type="stmt" count="1"/>
        <line num="112" type="method" name="createResponseQueue" visibility="private" complexity="1" crap="1" count="1"/>
        <line num="114" type="stmt" count="1"/>
        <line num="115" type="stmt" count="1"/>
        <line num="116" type="stmt" count="1"/>
        <line num="118" type="stmt" count="1"/>
        <line num="119" type="stmt" count="1"/>
        <line num="120" type="stmt" count="1"/>
        <line num="121" type="stmt" count="1"/>
        <line num="123" type="stmt" count="1"/>
        <metrics loc="125" ncloc="103" classes="1" methods="6" coveredmethods="4" conditionals="0" coveredconditionals="0" statements="39" coveredstatements="36" elements="45" coveredelements="40"/>
      </file>
      <file name="/home/leberle/dev/amqp-rpc-transporter-bundle/Transport/AmqpRpcTransport.php">
        <class name="leberknecht\AmqpRpcTransporterBundle\Transport\AmqpRpcTransport" namespace="leberknecht\AmqpRpcTransporterBundle\Transport">
          <metrics complexity="4" methods="4" coveredmethods="0" conditionals="0" coveredconditionals="0" statements="14" coveredstatements="0" elements="18" coveredelements="0"/>
        </class>
        <line num="16" type="method" name="__construct" visibility="public" complexity="1" crap="2" count="0"/>
        <line num="17" type="stmt" count="0"/>
        <line num="18" type="stmt" count="0"/>
        <line num="19" type="stmt" count="0"/>
        <line num="20" type="stmt" count="0"/>
        <line num="21" type="stmt" count="0"/>
        <line num="26" type="method" name="get" visibility="public" complexity="1" crap="2" count="0"/>
        <line num="27" type="stmt" count="0"/>
        <line num="28" type="stmt" count="0"/>
        <line num="29" type="stmt" count="0"/>
        <line num="34" type="method" name="ack" visibility="public" complexity="1" crap="2" count="0"/>
        <line num="35" type="stmt" count="0"/>
        <line num="36" type="stmt" count="0"/>
        <line num="37" type="stmt" count="0"/>
        <line num="42" type="method" name="send" visibility="public" complexity="1" crap="2" count="0"/>
        <line num="43" type="stmt" count="0"/>
        <line num="44" type="stmt" count="0"/>
        <line num="45" type="stmt" count="0"/>
        <metrics loc="46" ncloc="37" classes="1" methods="4" coveredmethods="0" conditionals="0" coveredconditionals="0" statements="14" coveredstatements="0" elements="18" coveredelements="0"/>
      </file>
      <file name="/home/leberle/dev/amqp-rpc-transporter-bundle/Transport/AmqpRpcTransportFactory.php">
        <class name="leberknecht\AmqpRpcTransporterBundle\Transport\AmqpRpcTransportFactory" namespace="leberknecht\AmqpRpcTransporterBundle\Transport">
          <metrics complexity="2" methods="2" coveredmethods="0" conditionals="0" coveredconditionals="0" statements="7" coveredstatements="0" elements="9" coveredelements="0"/>
        </class>
        <line num="12" type="method" name="createTransport" visibility="public" complexity="1" crap="2" count="0"/>
        <line num="13" type="stmt" count="0"/>
        <line num="14" type="stmt" count="0"/>
        <line num="16" type="stmt" count="0"/>
        <line num="17" type="stmt" count="0"/>
        <line num="19" type="method" name="supports" visibility="public" complexity="1" crap="2" count="0"/>
        <line num="20" type="stmt" count="0"/>
        <line num="21" type="stmt" count="0"/>
        <line num="22" type="stmt" count="0"/>
        <metrics loc="23" ncloc="23" classes="1" methods="2" coveredmethods="0" conditionals="0" coveredconditionals="0" statements="7" coveredstatements="0" elements="9" coveredelements="0"/>
      </file>
    </package>
    <metrics files="4" loc="214" ncloc="183" classes="4" methods="14" coveredmethods="5" conditionals="0" coveredconditionals="0" statements="63" coveredstatements="38" elements="77" coveredelements="43"/>
  </project>
</coverage>
